<?xml version="1.0" encoding="UTF-8"?>
<!-- Generated by org.testng.reporters.JUnitXMLReporter -->
<testsuite ignored="2" hostname="JEEVA" failures="0" tests="1" name="Default test" time="35.835" errors="0" timestamp="2021-08-29T17:51:28 IST">
  <testcase classname="vtigercrm.CreateOrganization" name="CreateOrganizationWithoutShippingAddTest" time="21.744"/>
  <testcase classname="vtigercrm.CreateOrganization" name="CreateOrganizationWithShippingAddressTest" time="0.0">
    <ignored/>
  </testcase> <!-- CreateOrganizationWithShippingAddressTest -->
  <testcase classname="vtigercrm.CreateOrganization" name="CreateOrganizationWithBillingAddressTest" time="0.0">
    <ignored/>
  </testcase> <!-- CreateOrganizationWithBillingAddressTest -->
</testsuite> <!-- Default test -->
