<?xml version="1.0" encoding="UTF-8"?>
<!-- Generated by org.testng.reporters.JUnitXMLReporter -->
<testsuite ignored="3" hostname="JEEVA" failures="0" tests="0" time="0.023" errors="0" timestamp="2021-08-29T17:50:04 IST">
  <testcase classname="vtigercrm.CreateOrganization" name="CreateOrganizationWithShippingAddressTest" time="0.0">
    <ignored/>
  </testcase> <!-- CreateOrganizationWithShippingAddressTest -->
  <testcase classname="vtigercrm.CreateOrganization" name="CreateOrganizationWithBillingAddressTest" time="0.0">
    <ignored/>
  </testcase> <!-- CreateOrganizationWithBillingAddressTest -->
  <testcase classname="vtigercrm.CreateOrganization" name="CreateOrganizationWithoutShippingAddTest" time="0.0">
    <ignored/>
  </testcase> <!-- CreateOrganizationWithoutShippingAddTest -->
</testsuite>
