<?xml version="1.0" encoding="UTF-8"?>
<!-- Generated by org.testng.reporters.JUnitXMLReporter -->
<testsuite ignored="4" hostname="JEEVA" failures="0" tests="5" name="Test" time="84.339" errors="0" timestamp="2021-08-27T22:36:10 IST">
  <testcase classname="vtigercrm.CreateOrganization" name="CreateOrganizationWithBillingAddressTest" time="10.707"/>
  <testcase classname="vtigercrm.CreateOrganization" name="CreateOrganizationWithShippingAddressTest" time="9.964"/>
  <testcase classname="vtigercrm.CreateOrganization" name="CreateOrganizationWithoutShippingAddTest" time="10.218"/>
  <testcase classname="vtigercrm.CreateOrganizationWithoutShippingAdd" name="CreateOrganizationWithoutShippingAddTest" time="10.712"/>
  <testcase classname="vtigercrm.CreateOrganizationWithShippingAddress" name="CreateOrganizationWithShippingAddressTest" time="10.975"/>
  <testcase classname="com.vtiger.comcast.genericutilities.BaseClass" name="@AfterSuite configAS" time="0.0">
    <ignored/>
  </testcase> <!-- @AfterSuite configAS -->
  <testcase classname="com.vtiger.comcast.genericutilities.BaseClass" name="@AfterSuite configAS" time="0.0">
    <ignored/>
  </testcase> <!-- @AfterSuite configAS -->
  <testcase classname="com.vtiger.comcast.genericutilities.BaseClass" name="@BeforeSuite configBS" time="0.0">
    <ignored/>
  </testcase> <!-- @BeforeSuite configBS -->
  <testcase classname="com.vtiger.comcast.genericutilities.BaseClass" name="@BeforeSuite configBS" time="0.0">
    <ignored/>
  </testcase> <!-- @BeforeSuite configBS -->
</testsuite> <!-- Test -->
