<?xml version="1.0" encoding="UTF-8"?>
<testng-results ignored="2" total="3" passed="1" failed="0" skipped="0">
  <reporter-output>
  </reporter-output>
  <suite started-at="2021-08-29T17:50:52 IST" name="Default suite" finished-at="2021-08-29T17:51:28 IST" duration-ms="35835">
    <groups>
      <group name="regresssiontesting">
        <method signature="CreateOrganization.CreateOrganizationWithoutShippingAddTest()[pri:0, instance:vtigercrm.CreateOrganization@56620197]" name="CreateOrganizationWithoutShippingAddTest" class="vtigercrm.CreateOrganization"/>
      </group> <!-- regresssiontesting -->
    </groups>
    <test started-at="2021-08-29T17:50:52 IST" name="Default test" finished-at="2021-08-29T17:51:28 IST" duration-ms="35835">
      <class name="vtigercrm.CreateOrganization">
        <test-method is-config="true" signature="configBS()[pri:0, instance:vtigercrm.CreateOrganization@56620197]" started-at="2021-08-29T17:50:52 IST" name="configBS" finished-at="2021-08-29T17:50:52 IST" duration-ms="26" status="PASS">
          <reporter-output>
          </reporter-output>
        </test-method> <!-- configBS -->
        <test-method is-config="true" signature="configBC()[pri:0, instance:vtigercrm.CreateOrganization@56620197]" started-at="2021-08-29T17:50:52 IST" name="configBC" finished-at="2021-08-29T17:50:56 IST" duration-ms="3807" status="PASS">
          <reporter-output>
          </reporter-output>
        </test-method> <!-- configBC -->
        <test-method is-config="true" signature="configBM()[pri:0, instance:vtigercrm.CreateOrganization@56620197]" started-at="2021-08-29T17:50:56 IST" name="configBM" finished-at="2021-08-29T17:51:03 IST" duration-ms="6888" status="PASS">
          <reporter-output>
          </reporter-output>
        </test-method> <!-- configBM -->
        <test-method signature="CreateOrganizationWithoutShippingAddTest()[pri:0, instance:vtigercrm.CreateOrganization@56620197]" started-at="2021-08-29T17:51:03 IST" name="CreateOrganizationWithoutShippingAddTest" finished-at="2021-08-29T17:51:25 IST" duration-ms="21744" status="PASS">
          <reporter-output>
          </reporter-output>
        </test-method> <!-- CreateOrganizationWithoutShippingAddTest -->
        <test-method is-config="true" signature="configAM()[pri:0, instance:vtigercrm.CreateOrganization@56620197]" started-at="2021-08-29T17:51:25 IST" name="configAM" finished-at="2021-08-29T17:51:27 IST" duration-ms="2446" status="PASS">
          <reporter-output>
          </reporter-output>
        </test-method> <!-- configAM -->
        <test-method is-config="true" signature="configAC()[pri:0, instance:vtigercrm.CreateOrganization@56620197]" started-at="2021-08-29T17:51:27 IST" name="configAC" finished-at="2021-08-29T17:51:28 IST" duration-ms="852" status="PASS">
          <reporter-output>
          </reporter-output>
        </test-method> <!-- configAC -->
        <test-method is-config="true" signature="configAS()[pri:0, instance:vtigercrm.CreateOrganization@56620197]" started-at="2021-08-29T17:51:28 IST" name="configAS" finished-at="2021-08-29T17:51:28 IST" duration-ms="1" status="PASS">
          <reporter-output>
          </reporter-output>
        </test-method> <!-- configAS -->
      </class> <!-- vtigercrm.CreateOrganization -->
    </test> <!-- Default test -->
  </suite> <!-- Default suite -->
</testng-results>
